<?xml version="1.0" encoding="UTF-8"?>
<!-- Generated by org.testng.reporters.JUnitReportReporter -->
<testsuite hostname="DESKTOP-GJG769N" failures="0" tests="1" name="JB_Tests.LoginTest" time="28.013" errors="0" timestamp="2024-05-07T13:33:29 IST" skipped="0">
  <testcase classname="JB_Tests.LoginTest" name="login_Hello_New_To_JB" time="28.013"/>
</testsuite> <!-- JB_Tests.LoginTest -->
