<?xml version="1.0" encoding="UTF-8"?>
<!-- Generated by org.testng.reporters.JUnitReportReporter -->
<testsuite hostname="DESKTOP-GJG769N" failures="0" tests="1" name="JB_Tests.LoginTest" time="78.747" errors="0" timestamp="2024-04-29T11:28:20 IST" skipped="0">
  <testcase classname="JB_Tests.LoginTest" name="login_Hello_Already_To_JB_Welcome_Negative" time="78.747"/>
</testsuite> <!-- JB_Tests.LoginTest -->
